<?xml version="1.0" encoding="UTF-8"?>
<!-- Generated by org.testng.reporters.JUnitXMLReporter -->
<testsuite ignored="0" hostname="BRAHMAIAH" failures="0" tests="4" name="Default test" time="6.727" errors="0" timestamp="2025-07-14T11:51:56 IST">
  <testcase classname="api.test.UserTests" name="testPostUser" time="2.973"/>
  <testcase classname="api.test.UserTests" name="testGetUser" time="1.171"/>
  <testcase classname="api.test.UserTests" name="updateUser" time="1.154"/>
  <testcase classname="api.test.UserTests" name="deleteUser" time="1.113"/>
</testsuite> <!-- Default test -->
