<?xml version="1.0" encoding="UTF-8"?>
<!-- Generated by org.testng.reporters.JUnitXMLReporter -->
<testsuite ignored="0" hostname="BRAHMAIAH" failures="1" tests="4" name="Test" time="8.585" errors="0" timestamp="2025-07-15T10:50:12 IST">
  <testcase classname="api.test.UserTests" name="testPostUser" time="3.422"/>
  <testcase classname="api.test.UserTests" name="testGetUser" time="1.553"/>
  <testcase classname="api.test.UserTests" name="updateUser" time="1.468"/>
  <testcase classname="api.test.UserTests" name="deleteUser" time="1.606">
    <failure type="java.lang.AssertionError" message="expected [200] but found [404]">
      <![CDATA[java.lang.AssertionError: expected [200] but found [404]
at api.test.UserTests.deleteUser(UserTests.java:69)
at java.base/java.util.ArrayList.forEach(ArrayList.java:1511)
... Removed 34 stack frames]]>
    </failure>
  </testcase> <!-- deleteUser -->
</testsuite> <!-- Test -->
